1742231111608:dataflow config server --uri http://localhost:9393
1742231127041:stream create my-stream --definition "time | log" --deploy
1742231149923:app register --name time --type source --uri maven://org.springframework.cloud.stream.app:time-source-rabbit:3.0.1\napp register --name log --type sink --uri maven://org.springframework.cloud.stream.app:log-sink-rabbit:3.0.1
1742231159540:app register --name time --type source --uri maven://org.springframework.cloud.stream.app:time-source-rabbit:3.0.1
1742231166832:stream create my-stream --definition "time | log" --deploy
1742231183798:app list
1742231227732:app register --name time --type source --uri maven://org.springframework.cloud.stream.app:time-source-rabbit:3.0.1
1742231234811:app register --name log --type sink --uri maven://org.springframework.cloud.stream.app:log-sink-rabbit:3.0.1
1742231247788:app register --name time --type source --uri maven://org.springframework.cloud.stream.app:time-source-rabbit:3.0.1 --metadataUri maven://org.springframework.cloud.stream.app:time-source-rabbit:jar:metadata:3.0.1
1742231261553:stream create my-stream --definition "time | log" --deploy
1742231274506:stream create my-stream --definition "time | log" --deploy --stacktrace
1742233318373:app register --name poc-task --type task --uri /Users/hosumlai/test/spring-cloud-data-flow-poc/task/poc-task/target/poc-task-1.0-SNAPSHOT.jar
1742233352520:app register --name poc-task --type task --uri /Users/hosumlai/test/spring-cloud-data-flow-poc/task/poc-task/target/poc-task-1.0-SNAPSHOT.
1742233355147:app register --name poc-task --type task --uri file:///Users/hosumlai/test/spring-cloud-data-flow-poc/task/poc-task/target/poc-task-1.0-SNAPSHOT.jar
1742234728124:apc/task/poc-task/target/poc-task-1.0-SNAPSHOT.jar
1742234729932:app register --name poc-task --type task --uri file:///Users/hosumlai/test/spring-cloud-data-flow-poc/task/poc-task/target/poc-task-1.0-SNAPSHOT.jar
1742305570919:dataflow config server --uri http://localhost:9393
1742305578377:app list
1742305626943:app register --name my-task --type task --uri file:///tasks/jars/poc-task-1.0-SNAPSHOT.jar
1742305651169:task create my-task-instance --definition "my-task"
1742305743667:app register --name my-task --type task --uri file:///opt/jars/poc-task-1.0-SNAPSHOT.jar
1742305746467:task create my-task-instance --definition "my-task"
